ERROR - 2023-10-21 00:44:06 --> mysqli_sql_exception: Column 'email' cannot be null in /run/media/degante/DEVELOPMENT/dev/encuesta/system/Database/MySQLi/Connection.php:306
Stack trace:
#0 /run/media/degante/DEVELOPMENT/dev/encuesta/system/Database/MySQLi/Connection.php(306): mysqli->query()
#1 /run/media/degante/DEVELOPMENT/dev/encuesta/system/Database/BaseConnection.php(692): CodeIgniter\Database\MySQLi\Connection->execute()
#2 /run/media/degante/DEVELOPMENT/dev/encuesta/system/Database/BaseConnection.php(606): CodeIgniter\Database\BaseConnection->simpleQuery()
#3 /run/media/degante/DEVELOPMENT/dev/encuesta/system/Database/BaseBuilder.php(2308): CodeIgniter\Database\BaseConnection->query()
#4 /run/media/degante/DEVELOPMENT/dev/encuesta/system/Model.php(319): CodeIgniter\Database\BaseBuilder->insert()
#5 /run/media/degante/DEVELOPMENT/dev/encuesta/system/BaseModel.php(788): CodeIgniter\Model->doInsert()
#6 /run/media/degante/DEVELOPMENT/dev/encuesta/system/Model.php(715): CodeIgniter\BaseModel->insert()
#7 /run/media/degante/DEVELOPMENT/dev/encuesta/app/Controllers/RegistroController.php(39): CodeIgniter\Model->insert()
#8 /run/media/degante/DEVELOPMENT/dev/encuesta/system/CodeIgniter.php(919): App\Controllers\RegistroController->create()
#9 /run/media/degante/DEVELOPMENT/dev/encuesta/system/CodeIgniter.php(494): CodeIgniter\CodeIgniter->runController()
#10 /run/media/degante/DEVELOPMENT/dev/encuesta/system/CodeIgniter.php(353): CodeIgniter\CodeIgniter->handleRequest()
#11 /run/media/degante/DEVELOPMENT/dev/encuesta/public/index.php(79): CodeIgniter\CodeIgniter->run()
#12 /run/media/degante/DEVELOPMENT/dev/encuesta/system/Commands/Server/rewrite.php(47): require_once('...')
#13 {main}
CRITICAL - 2023-10-21 00:44:06 --> Column 'email' cannot be null
in SYSTEMPATH/Database/BaseConnection.php on line 646.
 1 SYSTEMPATH/Database/BaseBuilder.php(2308): CodeIgniter\Database\BaseConnection->query()
 2 SYSTEMPATH/Model.php(319): CodeIgniter\Database\BaseBuilder->insert()
 3 SYSTEMPATH/BaseModel.php(788): CodeIgniter\Model->doInsert()
 4 SYSTEMPATH/Model.php(715): CodeIgniter\BaseModel->insert()
 5 APPPATH/Controllers/RegistroController.php(39): CodeIgniter\Model->insert()
 6 SYSTEMPATH/CodeIgniter.php(919): App\Controllers\RegistroController->create()
 7 SYSTEMPATH/CodeIgniter.php(494): CodeIgniter\CodeIgniter->runController()
 8 SYSTEMPATH/CodeIgniter.php(353): CodeIgniter\CodeIgniter->handleRequest()
 9 FCPATH/index.php(79): CodeIgniter\CodeIgniter->run()
10 SYSTEMPATH/Commands/Server/rewrite.php(47): require_once('/run/media/degante/DEVELOPMENT/dev/encuesta/public/index.php')
ERROR - 2023-10-21 00:45:57 --> mysqli_sql_exception: Column 'email' cannot be null in /run/media/degante/DEVELOPMENT/dev/encuesta/system/Database/MySQLi/Connection.php:306
Stack trace:
#0 /run/media/degante/DEVELOPMENT/dev/encuesta/system/Database/MySQLi/Connection.php(306): mysqli->query()
#1 /run/media/degante/DEVELOPMENT/dev/encuesta/system/Database/BaseConnection.php(692): CodeIgniter\Database\MySQLi\Connection->execute()
#2 /run/media/degante/DEVELOPMENT/dev/encuesta/system/Database/BaseConnection.php(606): CodeIgniter\Database\BaseConnection->simpleQuery()
#3 /run/media/degante/DEVELOPMENT/dev/encuesta/system/Database/BaseBuilder.php(2308): CodeIgniter\Database\BaseConnection->query()
#4 /run/media/degante/DEVELOPMENT/dev/encuesta/system/Model.php(319): CodeIgniter\Database\BaseBuilder->insert()
#5 /run/media/degante/DEVELOPMENT/dev/encuesta/system/BaseModel.php(788): CodeIgniter\Model->doInsert()
#6 /run/media/degante/DEVELOPMENT/dev/encuesta/system/Model.php(715): CodeIgniter\BaseModel->insert()
#7 /run/media/degante/DEVELOPMENT/dev/encuesta/app/Controllers/RegistroController.php(39): CodeIgniter\Model->insert()
#8 /run/media/degante/DEVELOPMENT/dev/encuesta/system/CodeIgniter.php(919): App\Controllers\RegistroController->create()
#9 /run/media/degante/DEVELOPMENT/dev/encuesta/system/CodeIgniter.php(494): CodeIgniter\CodeIgniter->runController()
#10 /run/media/degante/DEVELOPMENT/dev/encuesta/system/CodeIgniter.php(353): CodeIgniter\CodeIgniter->handleRequest()
#11 /run/media/degante/DEVELOPMENT/dev/encuesta/public/index.php(79): CodeIgniter\CodeIgniter->run()
#12 /run/media/degante/DEVELOPMENT/dev/encuesta/system/Commands/Server/rewrite.php(47): require_once('...')
#13 {main}
CRITICAL - 2023-10-21 00:45:57 --> Column 'email' cannot be null
in SYSTEMPATH/Database/BaseConnection.php on line 646.
 1 SYSTEMPATH/Database/BaseBuilder.php(2308): CodeIgniter\Database\BaseConnection->query()
 2 SYSTEMPATH/Model.php(319): CodeIgniter\Database\BaseBuilder->insert()
 3 SYSTEMPATH/BaseModel.php(788): CodeIgniter\Model->doInsert()
 4 SYSTEMPATH/Model.php(715): CodeIgniter\BaseModel->insert()
 5 APPPATH/Controllers/RegistroController.php(39): CodeIgniter\Model->insert()
 6 SYSTEMPATH/CodeIgniter.php(919): App\Controllers\RegistroController->create()
 7 SYSTEMPATH/CodeIgniter.php(494): CodeIgniter\CodeIgniter->runController()
 8 SYSTEMPATH/CodeIgniter.php(353): CodeIgniter\CodeIgniter->handleRequest()
 9 FCPATH/index.php(79): CodeIgniter\CodeIgniter->run()
10 SYSTEMPATH/Commands/Server/rewrite.php(47): require_once('/run/media/degante/DEVELOPMENT/dev/encuesta/public/index.php')
ERROR - 2023-10-21 00:46:21 --> mysqli_sql_exception: Column 'email' cannot be null in /run/media/degante/DEVELOPMENT/dev/encuesta/system/Database/MySQLi/Connection.php:306
Stack trace:
#0 /run/media/degante/DEVELOPMENT/dev/encuesta/system/Database/MySQLi/Connection.php(306): mysqli->query()
#1 /run/media/degante/DEVELOPMENT/dev/encuesta/system/Database/BaseConnection.php(692): CodeIgniter\Database\MySQLi\Connection->execute()
#2 /run/media/degante/DEVELOPMENT/dev/encuesta/system/Database/BaseConnection.php(606): CodeIgniter\Database\BaseConnection->simpleQuery()
#3 /run/media/degante/DEVELOPMENT/dev/encuesta/system/Database/BaseBuilder.php(2308): CodeIgniter\Database\BaseConnection->query()
#4 /run/media/degante/DEVELOPMENT/dev/encuesta/system/Model.php(319): CodeIgniter\Database\BaseBuilder->insert()
#5 /run/media/degante/DEVELOPMENT/dev/encuesta/system/BaseModel.php(788): CodeIgniter\Model->doInsert()
#6 /run/media/degante/DEVELOPMENT/dev/encuesta/system/Model.php(715): CodeIgniter\BaseModel->insert()
#7 /run/media/degante/DEVELOPMENT/dev/encuesta/app/Controllers/RegistroController.php(39): CodeIgniter\Model->insert()
#8 /run/media/degante/DEVELOPMENT/dev/encuesta/system/CodeIgniter.php(919): App\Controllers\RegistroController->create()
#9 /run/media/degante/DEVELOPMENT/dev/encuesta/system/CodeIgniter.php(494): CodeIgniter\CodeIgniter->runController()
#10 /run/media/degante/DEVELOPMENT/dev/encuesta/system/CodeIgniter.php(353): CodeIgniter\CodeIgniter->handleRequest()
#11 /run/media/degante/DEVELOPMENT/dev/encuesta/public/index.php(79): CodeIgniter\CodeIgniter->run()
#12 /run/media/degante/DEVELOPMENT/dev/encuesta/system/Commands/Server/rewrite.php(47): require_once('...')
#13 {main}
CRITICAL - 2023-10-21 00:46:21 --> Column 'email' cannot be null
in SYSTEMPATH/Database/BaseConnection.php on line 646.
 1 SYSTEMPATH/Database/BaseBuilder.php(2308): CodeIgniter\Database\BaseConnection->query()
 2 SYSTEMPATH/Model.php(319): CodeIgniter\Database\BaseBuilder->insert()
 3 SYSTEMPATH/BaseModel.php(788): CodeIgniter\Model->doInsert()
 4 SYSTEMPATH/Model.php(715): CodeIgniter\BaseModel->insert()
 5 APPPATH/Controllers/RegistroController.php(39): CodeIgniter\Model->insert()
 6 SYSTEMPATH/CodeIgniter.php(919): App\Controllers\RegistroController->create()
 7 SYSTEMPATH/CodeIgniter.php(494): CodeIgniter\CodeIgniter->runController()
 8 SYSTEMPATH/CodeIgniter.php(353): CodeIgniter\CodeIgniter->handleRequest()
 9 FCPATH/index.php(79): CodeIgniter\CodeIgniter->run()
10 SYSTEMPATH/Commands/Server/rewrite.php(47): require_once('/run/media/degante/DEVELOPMENT/dev/encuesta/public/index.php')
INFO - 2023-10-21 00:47:15 --> Session: Class initialized using 'CodeIgniter\Session\Handlers\FileHandler' driver.
INFO - 2023-10-21 00:47:23 --> Session: Class initialized using 'CodeIgniter\Session\Handlers\FileHandler' driver.
INFO - 2023-10-21 00:47:23 --> Session: Class initialized using 'CodeIgniter\Session\Handlers\FileHandler' driver.
INFO - 2023-10-21 00:49:02 --> Session: Class initialized using 'CodeIgniter\Session\Handlers\FileHandler' driver.
INFO - 2023-10-21 00:51:57 --> Session: Class initialized using 'CodeIgniter\Session\Handlers\FileHandler' driver.
INFO - 2023-10-21 00:52:00 --> Session: Class initialized using 'CodeIgniter\Session\Handlers\FileHandler' driver.
INFO - 2023-10-21 00:52:05 --> Session: Class initialized using 'CodeIgniter\Session\Handlers\FileHandler' driver.
INFO - 2023-10-21 01:01:37 --> Session: Class initialized using 'CodeIgniter\Session\Handlers\FileHandler' driver.
INFO - 2023-10-21 01:01:37 --> Session: Class initialized using 'CodeIgniter\Session\Handlers\FileHandler' driver.
INFO - 2023-10-21 01:01:49 --> Session: Class initialized using 'CodeIgniter\Session\Handlers\FileHandler' driver.
INFO - 2023-10-21 01:01:49 --> Session: Class initialized using 'CodeIgniter\Session\Handlers\FileHandler' driver.
INFO - 2023-10-21 01:01:53 --> Session: Class initialized using 'CodeIgniter\Session\Handlers\FileHandler' driver.
INFO - 2023-10-21 01:01:56 --> Session: Class initialized using 'CodeIgniter\Session\Handlers\FileHandler' driver.
INFO - 2023-10-21 01:02:15 --> Session: Class initialized using 'CodeIgniter\Session\Handlers\FileHandler' driver.
INFO - 2023-10-21 01:02:43 --> Session: Class initialized using 'CodeIgniter\Session\Handlers\FileHandler' driver.
INFO - 2023-10-21 01:03:02 --> Session: Class initialized using 'CodeIgniter\Session\Handlers\FileHandler' driver.
INFO - 2023-10-21 01:03:16 --> Session: Class initialized using 'CodeIgniter\Session\Handlers\FileHandler' driver.
INFO - 2023-10-21 01:03:26 --> Session: Class initialized using 'CodeIgniter\Session\Handlers\FileHandler' driver.
INFO - 2023-10-21 01:03:42 --> Session: Class initialized using 'CodeIgniter\Session\Handlers\FileHandler' driver.
INFO - 2023-10-21 01:03:48 --> Session: Class initialized using 'CodeIgniter\Session\Handlers\FileHandler' driver.
INFO - 2023-10-21 01:03:51 --> Session: Class initialized using 'CodeIgniter\Session\Handlers\FileHandler' driver.
INFO - 2023-10-21 01:03:58 --> Session: Class initialized using 'CodeIgniter\Session\Handlers\FileHandler' driver.
INFO - 2023-10-21 01:04:02 --> Session: Class initialized using 'CodeIgniter\Session\Handlers\FileHandler' driver.
INFO - 2023-10-21 01:04:08 --> Session: Class initialized using 'CodeIgniter\Session\Handlers\FileHandler' driver.
INFO - 2023-10-21 01:04:12 --> Session: Class initialized using 'CodeIgniter\Session\Handlers\FileHandler' driver.
INFO - 2023-10-21 01:04:20 --> Session: Class initialized using 'CodeIgniter\Session\Handlers\FileHandler' driver.
INFO - 2023-10-21 01:10:27 --> Session: Class initialized using 'CodeIgniter\Session\Handlers\FileHandler' driver.
INFO - 2023-10-21 01:10:29 --> Session: Class initialized using 'CodeIgniter\Session\Handlers\FileHandler' driver.
INFO - 2023-10-21 01:10:32 --> Session: Class initialized using 'CodeIgniter\Session\Handlers\FileHandler' driver.
INFO - 2023-10-21 01:10:32 --> Session: Class initialized using 'CodeIgniter\Session\Handlers\FileHandler' driver.
INFO - 2023-10-21 01:11:30 --> Session: Class initialized using 'CodeIgniter\Session\Handlers\FileHandler' driver.
INFO - 2023-10-21 01:11:56 --> Session: Class initialized using 'CodeIgniter\Session\Handlers\FileHandler' driver.
INFO - 2023-10-21 01:11:58 --> Session: Class initialized using 'CodeIgniter\Session\Handlers\FileHandler' driver.
INFO - 2023-10-21 01:12:04 --> Session: Class initialized using 'CodeIgniter\Session\Handlers\FileHandler' driver.
INFO - 2023-10-21 01:12:41 --> Session: Class initialized using 'CodeIgniter\Session\Handlers\FileHandler' driver.
INFO - 2023-10-21 01:14:22 --> Session: Class initialized using 'CodeIgniter\Session\Handlers\FileHandler' driver.
INFO - 2023-10-21 01:14:23 --> Session: Class initialized using 'CodeIgniter\Session\Handlers\FileHandler' driver.
INFO - 2023-10-21 01:14:31 --> Session: Class initialized using 'CodeIgniter\Session\Handlers\FileHandler' driver.
INFO - 2023-10-21 01:15:24 --> Session: Class initialized using 'CodeIgniter\Session\Handlers\FileHandler' driver.
ERROR - 2023-10-21 01:16:26 --> mysqli_sql_exception: Cannot delete or update a parent row: a foreign key constraint fails (`upn212encuesta`.`preguntas`, CONSTRAINT `preguntas_ibfk_1` FOREIGN KEY (`encuesta_id`) REFERENCES `encuestas` (`id`)) in /run/media/degante/DEVELOPMENT/dev/encuesta/system/Database/MySQLi/Connection.php:306
Stack trace:
#0 /run/media/degante/DEVELOPMENT/dev/encuesta/system/Database/MySQLi/Connection.php(306): mysqli->query()
#1 /run/media/degante/DEVELOPMENT/dev/encuesta/system/Database/BaseConnection.php(692): CodeIgniter\Database\MySQLi\Connection->execute()
#2 /run/media/degante/DEVELOPMENT/dev/encuesta/system/Database/BaseConnection.php(606): CodeIgniter\Database\BaseConnection->simpleQuery()
#3 /run/media/degante/DEVELOPMENT/dev/encuesta/system/Database/BaseBuilder.php(2790): CodeIgniter\Database\BaseConnection->query()
#4 /run/media/degante/DEVELOPMENT/dev/encuesta/system/Model.php(445): CodeIgniter\Database\BaseBuilder->delete()
#5 /run/media/degante/DEVELOPMENT/dev/encuesta/system/BaseModel.php(1080): CodeIgniter\Model->doDelete()
#6 /run/media/degante/DEVELOPMENT/dev/encuesta/app/Controllers/EncuestaController.php(109): CodeIgniter\BaseModel->delete()
#7 /run/media/degante/DEVELOPMENT/dev/encuesta/system/CodeIgniter.php(919): App\Controllers\EncuestaController->delete()
#8 /run/media/degante/DEVELOPMENT/dev/encuesta/system/CodeIgniter.php(494): CodeIgniter\CodeIgniter->runController()
#9 /run/media/degante/DEVELOPMENT/dev/encuesta/system/CodeIgniter.php(353): CodeIgniter\CodeIgniter->handleRequest()
#10 /run/media/degante/DEVELOPMENT/dev/encuesta/public/index.php(79): CodeIgniter\CodeIgniter->run()
#11 /run/media/degante/DEVELOPMENT/dev/encuesta/system/Commands/Server/rewrite.php(47): require_once('...')
#12 {main}
CRITICAL - 2023-10-21 01:16:26 --> Cannot delete or update a parent row: a foreign key constraint fails (`upn212encuesta`.`preguntas`, CONSTRAINT `preguntas_ibfk_1` FOREIGN KEY (`encuesta_id`) REFERENCES `encuestas` (`id`))
in SYSTEMPATH/Database/BaseConnection.php on line 646.
 1 SYSTEMPATH/Database/BaseBuilder.php(2790): CodeIgniter\Database\BaseConnection->query()
 2 SYSTEMPATH/Model.php(445): CodeIgniter\Database\BaseBuilder->delete()
 3 SYSTEMPATH/BaseModel.php(1080): CodeIgniter\Model->doDelete()
 4 APPPATH/Controllers/EncuestaController.php(109): CodeIgniter\BaseModel->delete()
 5 SYSTEMPATH/CodeIgniter.php(919): App\Controllers\EncuestaController->delete()
 6 SYSTEMPATH/CodeIgniter.php(494): CodeIgniter\CodeIgniter->runController()
 7 SYSTEMPATH/CodeIgniter.php(353): CodeIgniter\CodeIgniter->handleRequest()
 8 FCPATH/index.php(79): CodeIgniter\CodeIgniter->run()
 9 SYSTEMPATH/Commands/Server/rewrite.php(47): require_once('/run/media/degante/DEVELOPMENT/dev/encuesta/public/index.php')
INFO - 2023-10-21 01:16:29 --> Session: Class initialized using 'CodeIgniter\Session\Handlers\FileHandler' driver.
INFO - 2023-10-21 01:20:30 --> Session: Class initialized using 'CodeIgniter\Session\Handlers\FileHandler' driver.
INFO - 2023-10-21 01:20:32 --> Session: Class initialized using 'CodeIgniter\Session\Handlers\FileHandler' driver.
INFO - 2023-10-21 01:20:37 --> Session: Class initialized using 'CodeIgniter\Session\Handlers\FileHandler' driver.
INFO - 2023-10-21 01:20:41 --> Session: Class initialized using 'CodeIgniter\Session\Handlers\FileHandler' driver.
INFO - 2023-10-21 01:20:41 --> Session: Class initialized using 'CodeIgniter\Session\Handlers\FileHandler' driver.
INFO - 2023-10-21 01:20:52 --> Session: Class initialized using 'CodeIgniter\Session\Handlers\FileHandler' driver.
WARNING - 2023-10-21 01:20:52 --> [DEPRECATED] Creation of dynamic property App\Controllers\Admin\UsuarioController::$session is deprecated in APPPATH/Controllers/Admin/UsuarioController.php on line 17.
 1 SYSTEMPATH/CodeIgniter.php(891): App\Controllers\Admin\UsuarioController->__construct()
 2 SYSTEMPATH/CodeIgniter.php(485): CodeIgniter\CodeIgniter->createController()
 3 SYSTEMPATH/CodeIgniter.php(353): CodeIgniter\CodeIgniter->handleRequest(null, Object(Config\Cache), false)
 4 FCPATH/index.php(79): CodeIgniter\CodeIgniter->run()
 5 SYSTEMPATH/Commands/Server/rewrite.php(47): require_once('/run/media/degante/DEVELOPMENT/dev/encuesta/public/index.php')
