ERROR - 2023-10-19 00:00:12 --> mysqli_sql_exception: Cannot delete or update a parent row: a foreign key constraint fails (`upn212encuesta`.`opciones`, CONSTRAINT `opciones_ibfk_1` FOREIGN KEY (`pregunta_id`) REFERENCES `preguntas` (`id`)) in /run/media/degante/DEVELOPMENT/dev/encuesta/system/Database/MySQLi/Connection.php:306
Stack trace:
#0 /run/media/degante/DEVELOPMENT/dev/encuesta/system/Database/MySQLi/Connection.php(306): mysqli->query()
#1 /run/media/degante/DEVELOPMENT/dev/encuesta/system/Database/BaseConnection.php(692): CodeIgniter\Database\MySQLi\Connection->execute()
#2 /run/media/degante/DEVELOPMENT/dev/encuesta/system/Database/BaseConnection.php(606): CodeIgniter\Database\BaseConnection->simpleQuery()
#3 /run/media/degante/DEVELOPMENT/dev/encuesta/system/Database/BaseBuilder.php(2790): CodeIgniter\Database\BaseConnection->query()
#4 /run/media/degante/DEVELOPMENT/dev/encuesta/system/Model.php(445): CodeIgniter\Database\BaseBuilder->delete()
#5 /run/media/degante/DEVELOPMENT/dev/encuesta/system/BaseModel.php(1080): CodeIgniter\Model->doDelete()
#6 /run/media/degante/DEVELOPMENT/dev/encuesta/app/Controllers/PreguntaController.php(109): CodeIgniter\BaseModel->delete()
#7 /run/media/degante/DEVELOPMENT/dev/encuesta/system/CodeIgniter.php(919): App\Controllers\PreguntaController->delete()
#8 /run/media/degante/DEVELOPMENT/dev/encuesta/system/CodeIgniter.php(494): CodeIgniter\CodeIgniter->runController()
#9 /run/media/degante/DEVELOPMENT/dev/encuesta/system/CodeIgniter.php(353): CodeIgniter\CodeIgniter->handleRequest()
#10 /run/media/degante/DEVELOPMENT/dev/encuesta/public/index.php(79): CodeIgniter\CodeIgniter->run()
#11 /run/media/degante/DEVELOPMENT/dev/encuesta/system/Commands/Server/rewrite.php(47): require_once('...')
#12 {main}
CRITICAL - 2023-10-19 00:00:12 --> Cannot delete or update a parent row: a foreign key constraint fails (`upn212encuesta`.`opciones`, CONSTRAINT `opciones_ibfk_1` FOREIGN KEY (`pregunta_id`) REFERENCES `preguntas` (`id`))
in SYSTEMPATH/Database/BaseConnection.php on line 646.
 1 SYSTEMPATH/Database/BaseBuilder.php(2790): CodeIgniter\Database\BaseConnection->query()
 2 SYSTEMPATH/Model.php(445): CodeIgniter\Database\BaseBuilder->delete()
 3 SYSTEMPATH/BaseModel.php(1080): CodeIgniter\Model->doDelete()
 4 APPPATH/Controllers/PreguntaController.php(109): CodeIgniter\BaseModel->delete()
 5 SYSTEMPATH/CodeIgniter.php(919): App\Controllers\PreguntaController->delete()
 6 SYSTEMPATH/CodeIgniter.php(494): CodeIgniter\CodeIgniter->runController()
 7 SYSTEMPATH/CodeIgniter.php(353): CodeIgniter\CodeIgniter->handleRequest()
 8 FCPATH/index.php(79): CodeIgniter\CodeIgniter->run()
 9 SYSTEMPATH/Commands/Server/rewrite.php(47): require_once('/run/media/degante/DEVELOPMENT/dev/encuesta/public/index.php')
ERROR - 2023-10-19 00:01:54 --> mysqli_sql_exception: Cannot delete or update a parent row: a foreign key constraint fails (`upn212encuesta`.`opciones`, CONSTRAINT `opciones_ibfk_1` FOREIGN KEY (`pregunta_id`) REFERENCES `preguntas` (`id`)) in /run/media/degante/DEVELOPMENT/dev/encuesta/system/Database/MySQLi/Connection.php:306
Stack trace:
#0 /run/media/degante/DEVELOPMENT/dev/encuesta/system/Database/MySQLi/Connection.php(306): mysqli->query()
#1 /run/media/degante/DEVELOPMENT/dev/encuesta/system/Database/BaseConnection.php(692): CodeIgniter\Database\MySQLi\Connection->execute()
#2 /run/media/degante/DEVELOPMENT/dev/encuesta/system/Database/BaseConnection.php(606): CodeIgniter\Database\BaseConnection->simpleQuery()
#3 /run/media/degante/DEVELOPMENT/dev/encuesta/system/Database/BaseBuilder.php(2790): CodeIgniter\Database\BaseConnection->query()
#4 /run/media/degante/DEVELOPMENT/dev/encuesta/system/Model.php(445): CodeIgniter\Database\BaseBuilder->delete()
#5 /run/media/degante/DEVELOPMENT/dev/encuesta/system/BaseModel.php(1080): CodeIgniter\Model->doDelete()
#6 /run/media/degante/DEVELOPMENT/dev/encuesta/app/Controllers/PreguntaController.php(94): CodeIgniter\BaseModel->delete()
#7 /run/media/degante/DEVELOPMENT/dev/encuesta/system/CodeIgniter.php(919): App\Controllers\PreguntaController->delete()
#8 /run/media/degante/DEVELOPMENT/dev/encuesta/system/CodeIgniter.php(494): CodeIgniter\CodeIgniter->runController()
#9 /run/media/degante/DEVELOPMENT/dev/encuesta/system/CodeIgniter.php(353): CodeIgniter\CodeIgniter->handleRequest()
#10 /run/media/degante/DEVELOPMENT/dev/encuesta/public/index.php(79): CodeIgniter\CodeIgniter->run()
#11 /run/media/degante/DEVELOPMENT/dev/encuesta/system/Commands/Server/rewrite.php(47): require_once('...')
#12 {main}
CRITICAL - 2023-10-19 00:01:54 --> Cannot delete or update a parent row: a foreign key constraint fails (`upn212encuesta`.`opciones`, CONSTRAINT `opciones_ibfk_1` FOREIGN KEY (`pregunta_id`) REFERENCES `preguntas` (`id`))
in SYSTEMPATH/Database/BaseConnection.php on line 646.
 1 SYSTEMPATH/Database/BaseBuilder.php(2790): CodeIgniter\Database\BaseConnection->query()
 2 SYSTEMPATH/Model.php(445): CodeIgniter\Database\BaseBuilder->delete()
 3 SYSTEMPATH/BaseModel.php(1080): CodeIgniter\Model->doDelete()
 4 APPPATH/Controllers/PreguntaController.php(94): CodeIgniter\BaseModel->delete()
 5 SYSTEMPATH/CodeIgniter.php(919): App\Controllers\PreguntaController->delete()
 6 SYSTEMPATH/CodeIgniter.php(494): CodeIgniter\CodeIgniter->runController()
 7 SYSTEMPATH/CodeIgniter.php(353): CodeIgniter\CodeIgniter->handleRequest()
 8 FCPATH/index.php(79): CodeIgniter\CodeIgniter->run()
 9 SYSTEMPATH/Commands/Server/rewrite.php(47): require_once('/run/media/degante/DEVELOPMENT/dev/encuesta/public/index.php')
ERROR - 2023-10-19 00:02:57 --> mysqli_sql_exception: Cannot delete or update a parent row: a foreign key constraint fails (`upn212encuesta`.`opciones`, CONSTRAINT `opciones_ibfk_1` FOREIGN KEY (`pregunta_id`) REFERENCES `preguntas` (`id`)) in /run/media/degante/DEVELOPMENT/dev/encuesta/system/Database/MySQLi/Connection.php:306
Stack trace:
#0 /run/media/degante/DEVELOPMENT/dev/encuesta/system/Database/MySQLi/Connection.php(306): mysqli->query()
#1 /run/media/degante/DEVELOPMENT/dev/encuesta/system/Database/BaseConnection.php(692): CodeIgniter\Database\MySQLi\Connection->execute()
#2 /run/media/degante/DEVELOPMENT/dev/encuesta/system/Database/BaseConnection.php(606): CodeIgniter\Database\BaseConnection->simpleQuery()
#3 /run/media/degante/DEVELOPMENT/dev/encuesta/system/Database/BaseBuilder.php(2790): CodeIgniter\Database\BaseConnection->query()
#4 /run/media/degante/DEVELOPMENT/dev/encuesta/system/Model.php(445): CodeIgniter\Database\BaseBuilder->delete()
#5 /run/media/degante/DEVELOPMENT/dev/encuesta/system/BaseModel.php(1080): CodeIgniter\Model->doDelete()
#6 /run/media/degante/DEVELOPMENT/dev/encuesta/app/Controllers/PreguntaController.php(94): CodeIgniter\BaseModel->delete()
#7 /run/media/degante/DEVELOPMENT/dev/encuesta/system/CodeIgniter.php(919): App\Controllers\PreguntaController->delete()
#8 /run/media/degante/DEVELOPMENT/dev/encuesta/system/CodeIgniter.php(494): CodeIgniter\CodeIgniter->runController()
#9 /run/media/degante/DEVELOPMENT/dev/encuesta/system/CodeIgniter.php(353): CodeIgniter\CodeIgniter->handleRequest()
#10 /run/media/degante/DEVELOPMENT/dev/encuesta/public/index.php(79): CodeIgniter\CodeIgniter->run()
#11 /run/media/degante/DEVELOPMENT/dev/encuesta/system/Commands/Server/rewrite.php(47): require_once('...')
#12 {main}
CRITICAL - 2023-10-19 00:02:57 --> Cannot delete or update a parent row: a foreign key constraint fails (`upn212encuesta`.`opciones`, CONSTRAINT `opciones_ibfk_1` FOREIGN KEY (`pregunta_id`) REFERENCES `preguntas` (`id`))
in SYSTEMPATH/Database/BaseConnection.php on line 646.
 1 SYSTEMPATH/Database/BaseBuilder.php(2790): CodeIgniter\Database\BaseConnection->query()
 2 SYSTEMPATH/Model.php(445): CodeIgniter\Database\BaseBuilder->delete()
 3 SYSTEMPATH/BaseModel.php(1080): CodeIgniter\Model->doDelete()
 4 APPPATH/Controllers/PreguntaController.php(94): CodeIgniter\BaseModel->delete()
 5 SYSTEMPATH/CodeIgniter.php(919): App\Controllers\PreguntaController->delete()
 6 SYSTEMPATH/CodeIgniter.php(494): CodeIgniter\CodeIgniter->runController()
 7 SYSTEMPATH/CodeIgniter.php(353): CodeIgniter\CodeIgniter->handleRequest()
 8 FCPATH/index.php(79): CodeIgniter\CodeIgniter->run()
 9 SYSTEMPATH/Commands/Server/rewrite.php(47): require_once('/run/media/degante/DEVELOPMENT/dev/encuesta/public/index.php')
ERROR - 2023-10-19 00:10:43 --> mysqli_sql_exception: Cannot delete or update a parent row: a foreign key constraint fails (`upn212encuesta`.`opciones`, CONSTRAINT `opciones_ibfk_1` FOREIGN KEY (`pregunta_id`) REFERENCES `preguntas` (`id`)) in /run/media/degante/DEVELOPMENT/dev/encuesta/system/Database/MySQLi/Connection.php:306
Stack trace:
#0 /run/media/degante/DEVELOPMENT/dev/encuesta/system/Database/MySQLi/Connection.php(306): mysqli->query()
#1 /run/media/degante/DEVELOPMENT/dev/encuesta/system/Database/BaseConnection.php(692): CodeIgniter\Database\MySQLi\Connection->execute()
#2 /run/media/degante/DEVELOPMENT/dev/encuesta/system/Database/BaseConnection.php(606): CodeIgniter\Database\BaseConnection->simpleQuery()
#3 /run/media/degante/DEVELOPMENT/dev/encuesta/system/Database/BaseBuilder.php(2790): CodeIgniter\Database\BaseConnection->query()
#4 /run/media/degante/DEVELOPMENT/dev/encuesta/system/Model.php(445): CodeIgniter\Database\BaseBuilder->delete()
#5 /run/media/degante/DEVELOPMENT/dev/encuesta/system/BaseModel.php(1080): CodeIgniter\Model->doDelete()
#6 /run/media/degante/DEVELOPMENT/dev/encuesta/app/Controllers/PreguntaController.php(122): CodeIgniter\BaseModel->delete()
#7 /run/media/degante/DEVELOPMENT/dev/encuesta/system/CodeIgniter.php(919): App\Controllers\PreguntaController->delete()
#8 /run/media/degante/DEVELOPMENT/dev/encuesta/system/CodeIgniter.php(494): CodeIgniter\CodeIgniter->runController()
#9 /run/media/degante/DEVELOPMENT/dev/encuesta/system/CodeIgniter.php(353): CodeIgniter\CodeIgniter->handleRequest()
#10 /run/media/degante/DEVELOPMENT/dev/encuesta/public/index.php(79): CodeIgniter\CodeIgniter->run()
#11 /run/media/degante/DEVELOPMENT/dev/encuesta/system/Commands/Server/rewrite.php(47): require_once('...')
#12 {main}
CRITICAL - 2023-10-19 00:10:43 --> Cannot delete or update a parent row: a foreign key constraint fails (`upn212encuesta`.`opciones`, CONSTRAINT `opciones_ibfk_1` FOREIGN KEY (`pregunta_id`) REFERENCES `preguntas` (`id`))
in SYSTEMPATH/Database/BaseConnection.php on line 646.
 1 SYSTEMPATH/Database/BaseBuilder.php(2790): CodeIgniter\Database\BaseConnection->query()
 2 SYSTEMPATH/Model.php(445): CodeIgniter\Database\BaseBuilder->delete()
 3 SYSTEMPATH/BaseModel.php(1080): CodeIgniter\Model->doDelete()
 4 APPPATH/Controllers/PreguntaController.php(122): CodeIgniter\BaseModel->delete()
 5 SYSTEMPATH/CodeIgniter.php(919): App\Controllers\PreguntaController->delete()
 6 SYSTEMPATH/CodeIgniter.php(494): CodeIgniter\CodeIgniter->runController()
 7 SYSTEMPATH/CodeIgniter.php(353): CodeIgniter\CodeIgniter->handleRequest()
 8 FCPATH/index.php(79): CodeIgniter\CodeIgniter->run()
 9 SYSTEMPATH/Commands/Server/rewrite.php(47): require_once('/run/media/degante/DEVELOPMENT/dev/encuesta/public/index.php')
ERROR - 2023-10-19 00:12:39 --> mysqli_sql_exception: Cannot delete or update a parent row: a foreign key constraint fails (`upn212encuesta`.`respuestas`, CONSTRAINT `respuestas_ibfk_2` FOREIGN KEY (`pregunta_id`) REFERENCES `preguntas` (`id`)) in /run/media/degante/DEVELOPMENT/dev/encuesta/system/Database/MySQLi/Connection.php:306
Stack trace:
#0 /run/media/degante/DEVELOPMENT/dev/encuesta/system/Database/MySQLi/Connection.php(306): mysqli->query()
#1 /run/media/degante/DEVELOPMENT/dev/encuesta/system/Database/BaseConnection.php(692): CodeIgniter\Database\MySQLi\Connection->execute()
#2 /run/media/degante/DEVELOPMENT/dev/encuesta/system/Database/BaseConnection.php(606): CodeIgniter\Database\BaseConnection->simpleQuery()
#3 /run/media/degante/DEVELOPMENT/dev/encuesta/system/Database/BaseBuilder.php(2790): CodeIgniter\Database\BaseConnection->query()
#4 /run/media/degante/DEVELOPMENT/dev/encuesta/system/Model.php(445): CodeIgniter\Database\BaseBuilder->delete()
#5 /run/media/degante/DEVELOPMENT/dev/encuesta/system/BaseModel.php(1080): CodeIgniter\Model->doDelete()
#6 /run/media/degante/DEVELOPMENT/dev/encuesta/app/Controllers/PreguntaController.php(126): CodeIgniter\BaseModel->delete()
#7 /run/media/degante/DEVELOPMENT/dev/encuesta/system/CodeIgniter.php(919): App\Controllers\PreguntaController->delete()
#8 /run/media/degante/DEVELOPMENT/dev/encuesta/system/CodeIgniter.php(494): CodeIgniter\CodeIgniter->runController()
#9 /run/media/degante/DEVELOPMENT/dev/encuesta/system/CodeIgniter.php(353): CodeIgniter\CodeIgniter->handleRequest()
#10 /run/media/degante/DEVELOPMENT/dev/encuesta/public/index.php(79): CodeIgniter\CodeIgniter->run()
#11 /run/media/degante/DEVELOPMENT/dev/encuesta/system/Commands/Server/rewrite.php(47): require_once('...')
#12 {main}
CRITICAL - 2023-10-19 00:12:39 --> Cannot delete or update a parent row: a foreign key constraint fails (`upn212encuesta`.`respuestas`, CONSTRAINT `respuestas_ibfk_2` FOREIGN KEY (`pregunta_id`) REFERENCES `preguntas` (`id`))
in SYSTEMPATH/Database/BaseConnection.php on line 646.
 1 SYSTEMPATH/Database/BaseBuilder.php(2790): CodeIgniter\Database\BaseConnection->query()
 2 SYSTEMPATH/Model.php(445): CodeIgniter\Database\BaseBuilder->delete()
 3 SYSTEMPATH/BaseModel.php(1080): CodeIgniter\Model->doDelete()
 4 APPPATH/Controllers/PreguntaController.php(126): CodeIgniter\BaseModel->delete()
 5 SYSTEMPATH/CodeIgniter.php(919): App\Controllers\PreguntaController->delete()
 6 SYSTEMPATH/CodeIgniter.php(494): CodeIgniter\CodeIgniter->runController()
 7 SYSTEMPATH/CodeIgniter.php(353): CodeIgniter\CodeIgniter->handleRequest()
 8 FCPATH/index.php(79): CodeIgniter\CodeIgniter->run()
 9 SYSTEMPATH/Commands/Server/rewrite.php(47): require_once('/run/media/degante/DEVELOPMENT/dev/encuesta/public/index.php')
ERROR - 2023-10-19 00:12:46 --> mysqli_sql_exception: Cannot delete or update a parent row: a foreign key constraint fails (`upn212encuesta`.`respuestas`, CONSTRAINT `respuestas_ibfk_2` FOREIGN KEY (`pregunta_id`) REFERENCES `preguntas` (`id`)) in /run/media/degante/DEVELOPMENT/dev/encuesta/system/Database/MySQLi/Connection.php:306
Stack trace:
#0 /run/media/degante/DEVELOPMENT/dev/encuesta/system/Database/MySQLi/Connection.php(306): mysqli->query()
#1 /run/media/degante/DEVELOPMENT/dev/encuesta/system/Database/BaseConnection.php(692): CodeIgniter\Database\MySQLi\Connection->execute()
#2 /run/media/degante/DEVELOPMENT/dev/encuesta/system/Database/BaseConnection.php(606): CodeIgniter\Database\BaseConnection->simpleQuery()
#3 /run/media/degante/DEVELOPMENT/dev/encuesta/system/Database/BaseBuilder.php(2790): CodeIgniter\Database\BaseConnection->query()
#4 /run/media/degante/DEVELOPMENT/dev/encuesta/system/Model.php(445): CodeIgniter\Database\BaseBuilder->delete()
#5 /run/media/degante/DEVELOPMENT/dev/encuesta/system/BaseModel.php(1080): CodeIgniter\Model->doDelete()
#6 /run/media/degante/DEVELOPMENT/dev/encuesta/app/Controllers/PreguntaController.php(126): CodeIgniter\BaseModel->delete()
#7 /run/media/degante/DEVELOPMENT/dev/encuesta/system/CodeIgniter.php(919): App\Controllers\PreguntaController->delete()
#8 /run/media/degante/DEVELOPMENT/dev/encuesta/system/CodeIgniter.php(494): CodeIgniter\CodeIgniter->runController()
#9 /run/media/degante/DEVELOPMENT/dev/encuesta/system/CodeIgniter.php(353): CodeIgniter\CodeIgniter->handleRequest()
#10 /run/media/degante/DEVELOPMENT/dev/encuesta/public/index.php(79): CodeIgniter\CodeIgniter->run()
#11 /run/media/degante/DEVELOPMENT/dev/encuesta/system/Commands/Server/rewrite.php(47): require_once('...')
#12 {main}
CRITICAL - 2023-10-19 00:12:46 --> Cannot delete or update a parent row: a foreign key constraint fails (`upn212encuesta`.`respuestas`, CONSTRAINT `respuestas_ibfk_2` FOREIGN KEY (`pregunta_id`) REFERENCES `preguntas` (`id`))
in SYSTEMPATH/Database/BaseConnection.php on line 646.
 1 SYSTEMPATH/Database/BaseBuilder.php(2790): CodeIgniter\Database\BaseConnection->query()
 2 SYSTEMPATH/Model.php(445): CodeIgniter\Database\BaseBuilder->delete()
 3 SYSTEMPATH/BaseModel.php(1080): CodeIgniter\Model->doDelete()
 4 APPPATH/Controllers/PreguntaController.php(126): CodeIgniter\BaseModel->delete()
 5 SYSTEMPATH/CodeIgniter.php(919): App\Controllers\PreguntaController->delete()
 6 SYSTEMPATH/CodeIgniter.php(494): CodeIgniter\CodeIgniter->runController()
 7 SYSTEMPATH/CodeIgniter.php(353): CodeIgniter\CodeIgniter->handleRequest()
 8 FCPATH/index.php(79): CodeIgniter\CodeIgniter->run()
 9 SYSTEMPATH/Commands/Server/rewrite.php(47): require_once('/run/media/degante/DEVELOPMENT/dev/encuesta/public/index.php')
ERROR - 2023-10-19 00:14:11 --> mysqli_sql_exception: Cannot delete or update a parent row: a foreign key constraint fails (`upn212encuesta`.`respuestas`, CONSTRAINT `respuestas_ibfk_2` FOREIGN KEY (`pregunta_id`) REFERENCES `preguntas` (`id`)) in /run/media/degante/DEVELOPMENT/dev/encuesta/system/Database/MySQLi/Connection.php:306
Stack trace:
#0 /run/media/degante/DEVELOPMENT/dev/encuesta/system/Database/MySQLi/Connection.php(306): mysqli->query()
#1 /run/media/degante/DEVELOPMENT/dev/encuesta/system/Database/BaseConnection.php(692): CodeIgniter\Database\MySQLi\Connection->execute()
#2 /run/media/degante/DEVELOPMENT/dev/encuesta/system/Database/BaseConnection.php(606): CodeIgniter\Database\BaseConnection->simpleQuery()
#3 /run/media/degante/DEVELOPMENT/dev/encuesta/system/Database/BaseBuilder.php(2790): CodeIgniter\Database\BaseConnection->query()
#4 /run/media/degante/DEVELOPMENT/dev/encuesta/system/Model.php(445): CodeIgniter\Database\BaseBuilder->delete()
#5 /run/media/degante/DEVELOPMENT/dev/encuesta/system/BaseModel.php(1080): CodeIgniter\Model->doDelete()
#6 /run/media/degante/DEVELOPMENT/dev/encuesta/app/Controllers/PreguntaController.php(126): CodeIgniter\BaseModel->delete()
#7 /run/media/degante/DEVELOPMENT/dev/encuesta/system/CodeIgniter.php(919): App\Controllers\PreguntaController->delete()
#8 /run/media/degante/DEVELOPMENT/dev/encuesta/system/CodeIgniter.php(494): CodeIgniter\CodeIgniter->runController()
#9 /run/media/degante/DEVELOPMENT/dev/encuesta/system/CodeIgniter.php(353): CodeIgniter\CodeIgniter->handleRequest()
#10 /run/media/degante/DEVELOPMENT/dev/encuesta/public/index.php(79): CodeIgniter\CodeIgniter->run()
#11 /run/media/degante/DEVELOPMENT/dev/encuesta/system/Commands/Server/rewrite.php(47): require_once('...')
#12 {main}
CRITICAL - 2023-10-19 00:14:11 --> Cannot delete or update a parent row: a foreign key constraint fails (`upn212encuesta`.`respuestas`, CONSTRAINT `respuestas_ibfk_2` FOREIGN KEY (`pregunta_id`) REFERENCES `preguntas` (`id`))
in SYSTEMPATH/Database/BaseConnection.php on line 646.
 1 SYSTEMPATH/Database/BaseBuilder.php(2790): CodeIgniter\Database\BaseConnection->query()
 2 SYSTEMPATH/Model.php(445): CodeIgniter\Database\BaseBuilder->delete()
 3 SYSTEMPATH/BaseModel.php(1080): CodeIgniter\Model->doDelete()
 4 APPPATH/Controllers/PreguntaController.php(126): CodeIgniter\BaseModel->delete()
 5 SYSTEMPATH/CodeIgniter.php(919): App\Controllers\PreguntaController->delete()
 6 SYSTEMPATH/CodeIgniter.php(494): CodeIgniter\CodeIgniter->runController()
 7 SYSTEMPATH/CodeIgniter.php(353): CodeIgniter\CodeIgniter->handleRequest()
 8 FCPATH/index.php(79): CodeIgniter\CodeIgniter->run()
 9 SYSTEMPATH/Commands/Server/rewrite.php(47): require_once('/run/media/degante/DEVELOPMENT/dev/encuesta/public/index.php')
ERROR - 2023-10-19 00:14:13 --> mysqli_sql_exception: Cannot delete or update a parent row: a foreign key constraint fails (`upn212encuesta`.`respuestas`, CONSTRAINT `respuestas_ibfk_2` FOREIGN KEY (`pregunta_id`) REFERENCES `preguntas` (`id`)) in /run/media/degante/DEVELOPMENT/dev/encuesta/system/Database/MySQLi/Connection.php:306
Stack trace:
#0 /run/media/degante/DEVELOPMENT/dev/encuesta/system/Database/MySQLi/Connection.php(306): mysqli->query()
#1 /run/media/degante/DEVELOPMENT/dev/encuesta/system/Database/BaseConnection.php(692): CodeIgniter\Database\MySQLi\Connection->execute()
#2 /run/media/degante/DEVELOPMENT/dev/encuesta/system/Database/BaseConnection.php(606): CodeIgniter\Database\BaseConnection->simpleQuery()
#3 /run/media/degante/DEVELOPMENT/dev/encuesta/system/Database/BaseBuilder.php(2790): CodeIgniter\Database\BaseConnection->query()
#4 /run/media/degante/DEVELOPMENT/dev/encuesta/system/Model.php(445): CodeIgniter\Database\BaseBuilder->delete()
#5 /run/media/degante/DEVELOPMENT/dev/encuesta/system/BaseModel.php(1080): CodeIgniter\Model->doDelete()
#6 /run/media/degante/DEVELOPMENT/dev/encuesta/app/Controllers/PreguntaController.php(126): CodeIgniter\BaseModel->delete()
#7 /run/media/degante/DEVELOPMENT/dev/encuesta/system/CodeIgniter.php(919): App\Controllers\PreguntaController->delete()
#8 /run/media/degante/DEVELOPMENT/dev/encuesta/system/CodeIgniter.php(494): CodeIgniter\CodeIgniter->runController()
#9 /run/media/degante/DEVELOPMENT/dev/encuesta/system/CodeIgniter.php(353): CodeIgniter\CodeIgniter->handleRequest()
#10 /run/media/degante/DEVELOPMENT/dev/encuesta/public/index.php(79): CodeIgniter\CodeIgniter->run()
#11 /run/media/degante/DEVELOPMENT/dev/encuesta/system/Commands/Server/rewrite.php(47): require_once('...')
#12 {main}
CRITICAL - 2023-10-19 00:14:13 --> Cannot delete or update a parent row: a foreign key constraint fails (`upn212encuesta`.`respuestas`, CONSTRAINT `respuestas_ibfk_2` FOREIGN KEY (`pregunta_id`) REFERENCES `preguntas` (`id`))
in SYSTEMPATH/Database/BaseConnection.php on line 646.
 1 SYSTEMPATH/Database/BaseBuilder.php(2790): CodeIgniter\Database\BaseConnection->query()
 2 SYSTEMPATH/Model.php(445): CodeIgniter\Database\BaseBuilder->delete()
 3 SYSTEMPATH/BaseModel.php(1080): CodeIgniter\Model->doDelete()
 4 APPPATH/Controllers/PreguntaController.php(126): CodeIgniter\BaseModel->delete()
 5 SYSTEMPATH/CodeIgniter.php(919): App\Controllers\PreguntaController->delete()
 6 SYSTEMPATH/CodeIgniter.php(494): CodeIgniter\CodeIgniter->runController()
 7 SYSTEMPATH/CodeIgniter.php(353): CodeIgniter\CodeIgniter->handleRequest()
 8 FCPATH/index.php(79): CodeIgniter\CodeIgniter->run()
 9 SYSTEMPATH/Commands/Server/rewrite.php(47): require_once('/run/media/degante/DEVELOPMENT/dev/encuesta/public/index.php')
ERROR - 2023-10-19 00:14:18 --> mysqli_sql_exception: Cannot delete or update a parent row: a foreign key constraint fails (`upn212encuesta`.`respuestas`, CONSTRAINT `respuestas_ibfk_2` FOREIGN KEY (`pregunta_id`) REFERENCES `preguntas` (`id`)) in /run/media/degante/DEVELOPMENT/dev/encuesta/system/Database/MySQLi/Connection.php:306
Stack trace:
#0 /run/media/degante/DEVELOPMENT/dev/encuesta/system/Database/MySQLi/Connection.php(306): mysqli->query()
#1 /run/media/degante/DEVELOPMENT/dev/encuesta/system/Database/BaseConnection.php(692): CodeIgniter\Database\MySQLi\Connection->execute()
#2 /run/media/degante/DEVELOPMENT/dev/encuesta/system/Database/BaseConnection.php(606): CodeIgniter\Database\BaseConnection->simpleQuery()
#3 /run/media/degante/DEVELOPMENT/dev/encuesta/system/Database/BaseBuilder.php(2790): CodeIgniter\Database\BaseConnection->query()
#4 /run/media/degante/DEVELOPMENT/dev/encuesta/system/Model.php(445): CodeIgniter\Database\BaseBuilder->delete()
#5 /run/media/degante/DEVELOPMENT/dev/encuesta/system/BaseModel.php(1080): CodeIgniter\Model->doDelete()
#6 /run/media/degante/DEVELOPMENT/dev/encuesta/app/Controllers/PreguntaController.php(126): CodeIgniter\BaseModel->delete()
#7 /run/media/degante/DEVELOPMENT/dev/encuesta/system/CodeIgniter.php(919): App\Controllers\PreguntaController->delete()
#8 /run/media/degante/DEVELOPMENT/dev/encuesta/system/CodeIgniter.php(494): CodeIgniter\CodeIgniter->runController()
#9 /run/media/degante/DEVELOPMENT/dev/encuesta/system/CodeIgniter.php(353): CodeIgniter\CodeIgniter->handleRequest()
#10 /run/media/degante/DEVELOPMENT/dev/encuesta/public/index.php(79): CodeIgniter\CodeIgniter->run()
#11 /run/media/degante/DEVELOPMENT/dev/encuesta/system/Commands/Server/rewrite.php(47): require_once('...')
#12 {main}
CRITICAL - 2023-10-19 00:14:18 --> Cannot delete or update a parent row: a foreign key constraint fails (`upn212encuesta`.`respuestas`, CONSTRAINT `respuestas_ibfk_2` FOREIGN KEY (`pregunta_id`) REFERENCES `preguntas` (`id`))
in SYSTEMPATH/Database/BaseConnection.php on line 646.
 1 SYSTEMPATH/Database/BaseBuilder.php(2790): CodeIgniter\Database\BaseConnection->query()
 2 SYSTEMPATH/Model.php(445): CodeIgniter\Database\BaseBuilder->delete()
 3 SYSTEMPATH/BaseModel.php(1080): CodeIgniter\Model->doDelete()
 4 APPPATH/Controllers/PreguntaController.php(126): CodeIgniter\BaseModel->delete()
 5 SYSTEMPATH/CodeIgniter.php(919): App\Controllers\PreguntaController->delete()
 6 SYSTEMPATH/CodeIgniter.php(494): CodeIgniter\CodeIgniter->runController()
 7 SYSTEMPATH/CodeIgniter.php(353): CodeIgniter\CodeIgniter->handleRequest()
 8 FCPATH/index.php(79): CodeIgniter\CodeIgniter->run()
 9 SYSTEMPATH/Commands/Server/rewrite.php(47): require_once('/run/media/degante/DEVELOPMENT/dev/encuesta/public/index.php')
ERROR - 2023-10-19 00:14:51 --> mysqli_sql_exception: Cannot delete or update a parent row: a foreign key constraint fails (`upn212encuesta`.`respuestas`, CONSTRAINT `respuestas_ibfk_2` FOREIGN KEY (`pregunta_id`) REFERENCES `preguntas` (`id`)) in /run/media/degante/DEVELOPMENT/dev/encuesta/system/Database/MySQLi/Connection.php:306
Stack trace:
#0 /run/media/degante/DEVELOPMENT/dev/encuesta/system/Database/MySQLi/Connection.php(306): mysqli->query()
#1 /run/media/degante/DEVELOPMENT/dev/encuesta/system/Database/BaseConnection.php(692): CodeIgniter\Database\MySQLi\Connection->execute()
#2 /run/media/degante/DEVELOPMENT/dev/encuesta/system/Database/BaseConnection.php(606): CodeIgniter\Database\BaseConnection->simpleQuery()
#3 /run/media/degante/DEVELOPMENT/dev/encuesta/system/Database/BaseBuilder.php(2790): CodeIgniter\Database\BaseConnection->query()
#4 /run/media/degante/DEVELOPMENT/dev/encuesta/system/Model.php(445): CodeIgniter\Database\BaseBuilder->delete()
#5 /run/media/degante/DEVELOPMENT/dev/encuesta/system/BaseModel.php(1080): CodeIgniter\Model->doDelete()
#6 /run/media/degante/DEVELOPMENT/dev/encuesta/app/Controllers/PreguntaController.php(126): CodeIgniter\BaseModel->delete()
#7 /run/media/degante/DEVELOPMENT/dev/encuesta/system/CodeIgniter.php(919): App\Controllers\PreguntaController->delete()
#8 /run/media/degante/DEVELOPMENT/dev/encuesta/system/CodeIgniter.php(494): CodeIgniter\CodeIgniter->runController()
#9 /run/media/degante/DEVELOPMENT/dev/encuesta/system/CodeIgniter.php(353): CodeIgniter\CodeIgniter->handleRequest()
#10 /run/media/degante/DEVELOPMENT/dev/encuesta/public/index.php(79): CodeIgniter\CodeIgniter->run()
#11 /run/media/degante/DEVELOPMENT/dev/encuesta/system/Commands/Server/rewrite.php(47): require_once('...')
#12 {main}
CRITICAL - 2023-10-19 00:14:51 --> Cannot delete or update a parent row: a foreign key constraint fails (`upn212encuesta`.`respuestas`, CONSTRAINT `respuestas_ibfk_2` FOREIGN KEY (`pregunta_id`) REFERENCES `preguntas` (`id`))
in SYSTEMPATH/Database/BaseConnection.php on line 646.
 1 SYSTEMPATH/Database/BaseBuilder.php(2790): CodeIgniter\Database\BaseConnection->query()
 2 SYSTEMPATH/Model.php(445): CodeIgniter\Database\BaseBuilder->delete()
 3 SYSTEMPATH/BaseModel.php(1080): CodeIgniter\Model->doDelete()
 4 APPPATH/Controllers/PreguntaController.php(126): CodeIgniter\BaseModel->delete()
 5 SYSTEMPATH/CodeIgniter.php(919): App\Controllers\PreguntaController->delete()
 6 SYSTEMPATH/CodeIgniter.php(494): CodeIgniter\CodeIgniter->runController()
 7 SYSTEMPATH/CodeIgniter.php(353): CodeIgniter\CodeIgniter->handleRequest()
 8 FCPATH/index.php(79): CodeIgniter\CodeIgniter->run()
 9 SYSTEMPATH/Commands/Server/rewrite.php(47): require_once('/run/media/degante/DEVELOPMENT/dev/encuesta/public/index.php')
ERROR - 2023-10-19 00:15:31 --> mysqli_sql_exception: Cannot delete or update a parent row: a foreign key constraint fails (`upn212encuesta`.`respuestas`, CONSTRAINT `respuestas_ibfk_2` FOREIGN KEY (`pregunta_id`) REFERENCES `preguntas` (`id`)) in /run/media/degante/DEVELOPMENT/dev/encuesta/system/Database/MySQLi/Connection.php:306
Stack trace:
#0 /run/media/degante/DEVELOPMENT/dev/encuesta/system/Database/MySQLi/Connection.php(306): mysqli->query()
#1 /run/media/degante/DEVELOPMENT/dev/encuesta/system/Database/BaseConnection.php(692): CodeIgniter\Database\MySQLi\Connection->execute()
#2 /run/media/degante/DEVELOPMENT/dev/encuesta/system/Database/BaseConnection.php(606): CodeIgniter\Database\BaseConnection->simpleQuery()
#3 /run/media/degante/DEVELOPMENT/dev/encuesta/system/Database/BaseBuilder.php(2790): CodeIgniter\Database\BaseConnection->query()
#4 /run/media/degante/DEVELOPMENT/dev/encuesta/system/Model.php(445): CodeIgniter\Database\BaseBuilder->delete()
#5 /run/media/degante/DEVELOPMENT/dev/encuesta/system/BaseModel.php(1080): CodeIgniter\Model->doDelete()
#6 /run/media/degante/DEVELOPMENT/dev/encuesta/app/Controllers/PreguntaController.php(126): CodeIgniter\BaseModel->delete()
#7 /run/media/degante/DEVELOPMENT/dev/encuesta/system/CodeIgniter.php(919): App\Controllers\PreguntaController->delete()
#8 /run/media/degante/DEVELOPMENT/dev/encuesta/system/CodeIgniter.php(494): CodeIgniter\CodeIgniter->runController()
#9 /run/media/degante/DEVELOPMENT/dev/encuesta/system/CodeIgniter.php(353): CodeIgniter\CodeIgniter->handleRequest()
#10 /run/media/degante/DEVELOPMENT/dev/encuesta/public/index.php(79): CodeIgniter\CodeIgniter->run()
#11 /run/media/degante/DEVELOPMENT/dev/encuesta/system/Commands/Server/rewrite.php(47): require_once('...')
#12 {main}
CRITICAL - 2023-10-19 00:15:31 --> Cannot delete or update a parent row: a foreign key constraint fails (`upn212encuesta`.`respuestas`, CONSTRAINT `respuestas_ibfk_2` FOREIGN KEY (`pregunta_id`) REFERENCES `preguntas` (`id`))
in SYSTEMPATH/Database/BaseConnection.php on line 646.
 1 SYSTEMPATH/Database/BaseBuilder.php(2790): CodeIgniter\Database\BaseConnection->query()
 2 SYSTEMPATH/Model.php(445): CodeIgniter\Database\BaseBuilder->delete()
 3 SYSTEMPATH/BaseModel.php(1080): CodeIgniter\Model->doDelete()
 4 APPPATH/Controllers/PreguntaController.php(126): CodeIgniter\BaseModel->delete()
 5 SYSTEMPATH/CodeIgniter.php(919): App\Controllers\PreguntaController->delete()
 6 SYSTEMPATH/CodeIgniter.php(494): CodeIgniter\CodeIgniter->runController()
 7 SYSTEMPATH/CodeIgniter.php(353): CodeIgniter\CodeIgniter->handleRequest()
 8 FCPATH/index.php(79): CodeIgniter\CodeIgniter->run()
 9 SYSTEMPATH/Commands/Server/rewrite.php(47): require_once('/run/media/degante/DEVELOPMENT/dev/encuesta/public/index.php')
CRITICAL - 2023-10-19 00:18:02 --> Trying to access array offset on value of type null
in APPPATH/Views/encuesta/preguntas.php on line 14.
 1 APPPATH/Views/encuesta/preguntas.php(14): CodeIgniter\Debug\Exceptions->errorHandler()
 2 SYSTEMPATH/View/View.php(226): include('/run/media/degante/DEVELOPMENT/dev/encuesta/app/Views/encuesta/preguntas.php')
 3 SYSTEMPATH/View/View.php(229): CodeIgniter\View\View->CodeIgniter\View\{closure}()
 4 SYSTEMPATH/Common.php(1188): CodeIgniter\View\View->render()
 5 APPPATH/Controllers/EncuestaController.php(121): view()
 6 SYSTEMPATH/CodeIgniter.php(919): App\Controllers\EncuestaController->preguntas()
 7 SYSTEMPATH/CodeIgniter.php(494): CodeIgniter\CodeIgniter->runController()
 8 SYSTEMPATH/CodeIgniter.php(353): CodeIgniter\CodeIgniter->handleRequest()
 9 FCPATH/index.php(79): CodeIgniter\CodeIgniter->run()
10 SYSTEMPATH/Commands/Server/rewrite.php(47): require_once('/run/media/degante/DEVELOPMENT/dev/encuesta/public/index.php')
ERROR - 2023-10-19 00:20:31 --> mysqli_sql_exception: Unknown column 'created_at' in 'field list' in /run/media/degante/DEVELOPMENT/dev/encuesta/system/Database/MySQLi/Connection.php:306
Stack trace:
#0 /run/media/degante/DEVELOPMENT/dev/encuesta/system/Database/MySQLi/Connection.php(306): mysqli->query()
#1 /run/media/degante/DEVELOPMENT/dev/encuesta/system/Database/BaseConnection.php(692): CodeIgniter\Database\MySQLi\Connection->execute()
#2 /run/media/degante/DEVELOPMENT/dev/encuesta/system/Database/BaseConnection.php(606): CodeIgniter\Database\BaseConnection->simpleQuery()
#3 /run/media/degante/DEVELOPMENT/dev/encuesta/system/Database/BaseBuilder.php(2308): CodeIgniter\Database\BaseConnection->query()
#4 /run/media/degante/DEVELOPMENT/dev/encuesta/system/Model.php(319): CodeIgniter\Database\BaseBuilder->insert()
#5 /run/media/degante/DEVELOPMENT/dev/encuesta/system/BaseModel.php(788): CodeIgniter\Model->doInsert()
#6 /run/media/degante/DEVELOPMENT/dev/encuesta/system/Model.php(715): CodeIgniter\BaseModel->insert()
#7 /run/media/degante/DEVELOPMENT/dev/encuesta/app/Controllers/EncuestaController.php(82): CodeIgniter\Model->insert()
#8 /run/media/degante/DEVELOPMENT/dev/encuesta/system/CodeIgniter.php(919): App\Controllers\EncuestaController->store()
#9 /run/media/degante/DEVELOPMENT/dev/encuesta/system/CodeIgniter.php(494): CodeIgniter\CodeIgniter->runController()
#10 /run/media/degante/DEVELOPMENT/dev/encuesta/system/CodeIgniter.php(353): CodeIgniter\CodeIgniter->handleRequest()
#11 /run/media/degante/DEVELOPMENT/dev/encuesta/public/index.php(79): CodeIgniter\CodeIgniter->run()
#12 /run/media/degante/DEVELOPMENT/dev/encuesta/system/Commands/Server/rewrite.php(47): require_once('...')
#13 {main}
CRITICAL - 2023-10-19 00:20:31 --> Unknown column 'created_at' in 'field list'
in SYSTEMPATH/Database/BaseConnection.php on line 646.
 1 SYSTEMPATH/Database/BaseBuilder.php(2308): CodeIgniter\Database\BaseConnection->query()
 2 SYSTEMPATH/Model.php(319): CodeIgniter\Database\BaseBuilder->insert()
 3 SYSTEMPATH/BaseModel.php(788): CodeIgniter\Model->doInsert()
 4 SYSTEMPATH/Model.php(715): CodeIgniter\BaseModel->insert()
 5 APPPATH/Controllers/EncuestaController.php(82): CodeIgniter\Model->insert()
 6 SYSTEMPATH/CodeIgniter.php(919): App\Controllers\EncuestaController->store()
 7 SYSTEMPATH/CodeIgniter.php(494): CodeIgniter\CodeIgniter->runController()
 8 SYSTEMPATH/CodeIgniter.php(353): CodeIgniter\CodeIgniter->handleRequest()
 9 FCPATH/index.php(79): CodeIgniter\CodeIgniter->run()
10 SYSTEMPATH/Commands/Server/rewrite.php(47): require_once('/run/media/degante/DEVELOPMENT/dev/encuesta/public/index.php')
INFO - 2023-10-19 00:24:52 --> Session: Class initialized using 'CodeIgniter\Session\Handlers\FileHandler' driver.
INFO - 2023-10-19 00:25:19 --> Session: Class initialized using 'CodeIgniter\Session\Handlers\FileHandler' driver.
INFO - 2023-10-19 00:27:55 --> Session: Class initialized using 'CodeIgniter\Session\Handlers\FileHandler' driver.
INFO - 2023-10-19 00:29:54 --> Session: Class initialized using 'CodeIgniter\Session\Handlers\FileHandler' driver.
INFO - 2023-10-19 00:30:25 --> Session: Class initialized using 'CodeIgniter\Session\Handlers\FileHandler' driver.
